Arguments: 
  C:\Program Files\nodejs\node.exe C:\Program Files (x86)\Yarn\bin\yarn.js install

PATH: 
  C:\Program Files\Docker\Docker\Resources\bin;C:\Program Files\Python36\Scripts\;C:\Program Files\Python36\;C:\WINDOWS\system32;C:\WINDOWS\System32\Wbem;C:\WINDOWS\System32\WindowsPowerShell\v1.0\;C:\Program Files\Java\jdk1.8.0_102\bin;C:\Program Files (x86)\Maven\3.2.3\bin;C:\WINDOWS;C:\sbt\\bin;C:\Program Files\Git\cmd;C:\Program Files\Microsoft VS Code\bin;C:\Program Files\Java\jdk1.8.0_181\bin;C:\Program Files (x86)\Yarn\bin\;C:\Program Files (x86)\PuTTY\;C:\Program Files (x86)\Webex\Webex\Applications;C:\Program Files\nodejs\;C:\Users\k27358\scoop\shims;C:\Ruby24-x64\bin;C:\Users\k27358\AppData\Local\Microsoft\WindowsApps;C:\Users\k27358\AppData\Local\Microsoft\WindowsApps

Yarn version: 
  1.13.0

Node version: 
  10.15.3

Platform: 
  win32 x64

Trace: 
  Error: https://registry.yarnpkg.com/rxjs/-/rxjs-6.4.0.tgz: ESOCKETTIMEDOUT
      at ClientRequest.<anonymous> (C:\Program Files (x86)\Yarn\lib\cli.js:130024:19)
      at Object.onceWrapper (events.js:277:13)
      at ClientRequest.emit (events.js:189:13)
      at TLSSocket.emitRequestTimeout (_http_client.js:662:40)
      at Object.onceWrapper (events.js:277:13)
      at TLSSocket.emit (events.js:189:13)
      at TLSSocket.Socket._onTimeout (net.js:440:8)
      at ontimeout (timers.js:436:11)
      at tryOnTimeout (timers.js:300:5)
      at listOnTimeout (timers.js:263:5)

npm manifest: 
  {
    "name": "apricot",
    "version": "0.0.1",
    "description": "Infrastructure verification tool",
    "homepage": "https://github.com/hanjung2/apricot",
    "author": {
      "name": "Han Jung",
      "email": "han.jung@protonmail.ch"
    },
    "keywords": [
      "aws",
      "infrastructure",
      "electron",
      "desktop"
    ],
    "main": "main.js",
    "private": true,
    "scripts": {
      "postinstall": "npm run postinstall:electron && electron-builder install-app-deps",
      "postinstall:web": "node postinstall-web",
      "postinstall:electron": "node postinstall",
      "ng": "ng",
      "start": "npm run postinstall:electron && npm-run-all -p ng:serve electron:serve",
      "build": "npm run postinstall:electron && npm run electron:serve-tsc && ng build",
      "build:dev": "npm run build -- -c dev",
      "build:prod": "npm run build -- -c production",
      "ng:serve": "ng serve",
      "ng:serve:web": "npm run postinstall:web && ng serve -o",
      "electron:serve-tsc": "tsc -p tsconfig-serve.json",
      "electron:serve": "wait-on http-get://localhost:4200/ && npm run electron:serve-tsc && electron . --serve",
      "electron:local": "npm run build:prod && electron .",
      "electron:linux": "npm run build:prod && electron-builder build --linux",
      "electron:windows": "npm run build:prod && electron-builder build --windows",
      "electron:mac": "npm run build:prod && electron-builder build --mac",
      "test": "npm run postinstall:web && ng test",
      "e2e": "npm run build:prod && mocha --timeout 300000 --require ts-node/register e2e/**/*.spec.ts",
      "version": "conventional-changelog -i CHANGELOG.md -s -r 0 && git add CHANGELOG.md",
      "lint": "ng lint"
    },
    "devDependencies": {
      "@angular-devkit/build-angular": "0.800.2",
      "@angular/cli": "8.0.2",
      "@angular/common": "8.0.0",
      "@angular/compiler": "8.0.0",
      "@angular/compiler-cli": "8.0.0",
      "@angular/core": "8.0.0",
      "@angular/forms": "8.0.0",
      "@angular/language-service": "8.0.0",
      "@angular/platform-browser": "8.0.0",
      "@angular/platform-browser-dynamic": "8.0.0",
      "@angular/router": "8.0.0",
      "@ngx-translate/core": "11.0.1",
      "@ngx-translate/http-loader": "4.0.0",
      "@types/jasmine": "3.3.13",
      "@types/jasminewd2": "2.0.6",
      "@types/mocha": "5.2.7",
      "@types/node": "12.0.7",
      "chai": "4.2.0",
      "codelyzer": "5.1.0",
      "conventional-changelog-cli": "2.0.21",
      "core-js": "3.1.3",
      "electron": "5.0.3",
      "electron-builder": "20.43.0",
      "electron-reload": "1.4.0",
      "jasmine-core": "3.4.0",
      "jasmine-spec-reporter": "4.2.1",
      "karma": "4.1.0",
      "karma-chrome-launcher": "2.2.0",
      "karma-coverage-istanbul-reporter": "2.0.5",
      "karma-jasmine": "2.0.1",
      "karma-jasmine-html-reporter": "1.4.2",
      "mocha": "6.1.4",
      "npm-run-all": "4.1.5",
      "rxjs": "6.5.2",
      "spectron": "5.0.0",
      "ts-node": "8.2.0",
      "tslint": "5.17.0",
      "typescript": "~3.4.5",
      "wait-on": "3.2.0",
      "webdriver-manager": "12.1.5",
      "zone.js": "0.9.1"
    },
    "engines": {
      "node": ">=10.9.0"
    }
  }

yarn manifest: 
  No manifest

Lockfile: 
  No lockfile
